2019-09-21 11:34:39.535612: I tensorflow/core/platform/cpu_feature_guard.cc:141] Your CPU supports instructions that this TensorFlow binary was not compiled to use: AVX2 FMA
2019-09-21 11:34:39.690687: I tensorflow/core/common_runtime/gpu/gpu_device.cc:1432] Found device 0 with properties: 
name: GeForce GTX TITAN X major: 5 minor: 2 memoryClockRate(GHz): 1.076
pciBusID: 0000:84:00.0
totalMemory: 11.93GiB freeMemory: 5.84GiB
2019-09-21 11:34:39.690734: I tensorflow/core/common_runtime/gpu/gpu_device.cc:1511] Adding visible gpu devices: 0
2019-09-21 11:34:41.331768: I tensorflow/core/common_runtime/gpu/gpu_device.cc:982] Device interconnect StreamExecutor with strength 1 edge matrix:
2019-09-21 11:34:41.331837: I tensorflow/core/common_runtime/gpu/gpu_device.cc:988]      0 
2019-09-21 11:34:41.331850: I tensorflow/core/common_runtime/gpu/gpu_device.cc:1001] 0:   N 
2019-09-21 11:34:41.332532: I tensorflow/core/common_runtime/gpu/gpu_device.cc:1115] Created TensorFlow device (/job:localhost/replica:0/task:0/device:GPU:0 with 5612 MB memory) -> physical GPU (device: 0, name: GeForce GTX TITAN X, pci bus id: 0000:84:00.0, compute capability: 5.2)
Model: "model_1"
__________________________________________________________________________________________________
Layer (type)                    Output Shape         Param #     Connected to                     
==================================================================================================
img (InputLayer)                (None, 160, 160, 3)  0                                            
__________________________________________________________________________________________________
conv2d_1 (Conv2D)               (None, 160, 160, 16) 448         img[0][0]                        
__________________________________________________________________________________________________
batch_normalization_1 (BatchNor (None, 160, 160, 16) 64          conv2d_1[0][0]                   
__________________________________________________________________________________________________
activation_1 (Activation)       (None, 160, 160, 16) 0           batch_normalization_1[0][0]      
__________________________________________________________________________________________________
conv2d_2 (Conv2D)               (None, 160, 160, 16) 2320        activation_1[0][0]               
__________________________________________________________________________________________________
batch_normalization_2 (BatchNor (None, 160, 160, 16) 64          conv2d_2[0][0]                   
__________________________________________________________________________________________________
activation_2 (Activation)       (None, 160, 160, 16) 0           batch_normalization_2[0][0]      
__________________________________________________________________________________________________
max_pooling2d_1 (MaxPooling2D)  (None, 80, 80, 16)   0           activation_2[0][0]               
__________________________________________________________________________________________________
dropout_1 (Dropout)             (None, 80, 80, 16)   0           max_pooling2d_1[0][0]            
__________________________________________________________________________________________________
conv2d_3 (Conv2D)               (None, 80, 80, 32)   4640        dropout_1[0][0]                  
__________________________________________________________________________________________________
batch_normalization_3 (BatchNor (None, 80, 80, 32)   128         conv2d_3[0][0]                   
__________________________________________________________________________________________________
activation_3 (Activation)       (None, 80, 80, 32)   0           batch_normalization_3[0][0]      
__________________________________________________________________________________________________
conv2d_4 (Conv2D)               (None, 80, 80, 32)   9248        activation_3[0][0]               
__________________________________________________________________________________________________
batch_normalization_4 (BatchNor (None, 80, 80, 32)   128         conv2d_4[0][0]                   
__________________________________________________________________________________________________
activation_4 (Activation)       (None, 80, 80, 32)   0           batch_normalization_4[0][0]      
__________________________________________________________________________________________________
max_pooling2d_2 (MaxPooling2D)  (None, 40, 40, 32)   0           activation_4[0][0]               
__________________________________________________________________________________________________
dropout_2 (Dropout)             (None, 40, 40, 32)   0           max_pooling2d_2[0][0]            
__________________________________________________________________________________________________
conv2d_5 (Conv2D)               (None, 40, 40, 64)   18496       dropout_2[0][0]                  
__________________________________________________________________________________________________
batch_normalization_5 (BatchNor (None, 40, 40, 64)   256         conv2d_5[0][0]                   
__________________________________________________________________________________________________
activation_5 (Activation)       (None, 40, 40, 64)   0           batch_normalization_5[0][0]      
__________________________________________________________________________________________________
conv2d_6 (Conv2D)               (None, 40, 40, 64)   36928       activation_5[0][0]               
__________________________________________________________________________________________________
batch_normalization_6 (BatchNor (None, 40, 40, 64)   256         conv2d_6[0][0]                   
__________________________________________________________________________________________________
activation_6 (Activation)       (None, 40, 40, 64)   0           batch_normalization_6[0][0]      
__________________________________________________________________________________________________
max_pooling2d_3 (MaxPooling2D)  (None, 20, 20, 64)   0           activation_6[0][0]               
__________________________________________________________________________________________________
dropout_3 (Dropout)             (None, 20, 20, 64)   0           max_pooling2d_3[0][0]            
__________________________________________________________________________________________________
conv2d_7 (Conv2D)               (None, 20, 20, 128)  73856       dropout_3[0][0]                  
__________________________________________________________________________________________________
batch_normalization_7 (BatchNor (None, 20, 20, 128)  512         conv2d_7[0][0]                   
__________________________________________________________________________________________________
activation_7 (Activation)       (None, 20, 20, 128)  0           batch_normalization_7[0][0]      
__________________________________________________________________________________________________
conv2d_8 (Conv2D)               (None, 20, 20, 128)  147584      activation_7[0][0]               
__________________________________________________________________________________________________
batch_normalization_8 (BatchNor (None, 20, 20, 128)  512         conv2d_8[0][0]                   
__________________________________________________________________________________________________
activation_8 (Activation)       (None, 20, 20, 128)  0           batch_normalization_8[0][0]      
__________________________________________________________________________________________________
max_pooling2d_4 (MaxPooling2D)  (None, 10, 10, 128)  0           activation_8[0][0]               
__________________________________________________________________________________________________
dropout_4 (Dropout)             (None, 10, 10, 128)  0           max_pooling2d_4[0][0]            
__________________________________________________________________________________________________
conv2d_9 (Conv2D)               (None, 10, 10, 256)  295168      dropout_4[0][0]                  
__________________________________________________________________________________________________
batch_normalization_9 (BatchNor (None, 10, 10, 256)  1024        conv2d_9[0][0]                   
__________________________________________________________________________________________________
activation_9 (Activation)       (None, 10, 10, 256)  0           batch_normalization_9[0][0]      
__________________________________________________________________________________________________
conv2d_10 (Conv2D)              (None, 10, 10, 256)  590080      activation_9[0][0]               
__________________________________________________________________________________________________
batch_normalization_10 (BatchNo (None, 10, 10, 256)  1024        conv2d_10[0][0]                  
__________________________________________________________________________________________________
activation_10 (Activation)      (None, 10, 10, 256)  0           batch_normalization_10[0][0]     
__________________________________________________________________________________________________
conv2d_transpose_1 (Conv2DTrans (None, 20, 20, 128)  295040      activation_10[0][0]              
__________________________________________________________________________________________________
concatenate_1 (Concatenate)     (None, 20, 20, 256)  0           conv2d_transpose_1[0][0]         
                                                                 activation_8[0][0]               
__________________________________________________________________________________________________
dropout_5 (Dropout)             (None, 20, 20, 256)  0           concatenate_1[0][0]              
__________________________________________________________________________________________________
conv2d_11 (Conv2D)              (None, 20, 20, 128)  295040      dropout_5[0][0]                  
__________________________________________________________________________________________________
batch_normalization_11 (BatchNo (None, 20, 20, 128)  512         conv2d_11[0][0]                  
__________________________________________________________________________________________________
activation_11 (Activation)      (None, 20, 20, 128)  0           batch_normalization_11[0][0]     
__________________________________________________________________________________________________
conv2d_12 (Conv2D)              (None, 20, 20, 128)  147584      activation_11[0][0]              
__________________________________________________________________________________________________
batch_normalization_12 (BatchNo (None, 20, 20, 128)  512         conv2d_12[0][0]                  
__________________________________________________________________________________________________
activation_12 (Activation)      (None, 20, 20, 128)  0           batch_normalization_12[0][0]     
__________________________________________________________________________________________________
conv2d_transpose_2 (Conv2DTrans (None, 40, 40, 64)   73792       activation_12[0][0]              
__________________________________________________________________________________________________
concatenate_2 (Concatenate)     (None, 40, 40, 128)  0           conv2d_transpose_2[0][0]         
                                                                 activation_6[0][0]               
__________________________________________________________________________________________________
dropout_6 (Dropout)             (None, 40, 40, 128)  0           concatenate_2[0][0]              
__________________________________________________________________________________________________
conv2d_13 (Conv2D)              (None, 40, 40, 64)   73792       dropout_6[0][0]                  
__________________________________________________________________________________________________
batch_normalization_13 (BatchNo (None, 40, 40, 64)   256         conv2d_13[0][0]                  
__________________________________________________________________________________________________
activation_13 (Activation)      (None, 40, 40, 64)   0           batch_normalization_13[0][0]     
__________________________________________________________________________________________________
conv2d_14 (Conv2D)              (None, 40, 40, 64)   36928       activation_13[0][0]              
__________________________________________________________________________________________________
batch_normalization_14 (BatchNo (None, 40, 40, 64)   256         conv2d_14[0][0]                  
__________________________________________________________________________________________________
activation_14 (Activation)      (None, 40, 40, 64)   0           batch_normalization_14[0][0]     
__________________________________________________________________________________________________
conv2d_transpose_3 (Conv2DTrans (None, 80, 80, 32)   18464       activation_14[0][0]              
__________________________________________________________________________________________________
concatenate_3 (Concatenate)     (None, 80, 80, 64)   0           conv2d_transpose_3[0][0]         
                                                                 activation_4[0][0]               
__________________________________________________________________________________________________
dropout_7 (Dropout)             (None, 80, 80, 64)   0           concatenate_3[0][0]              
__________________________________________________________________________________________________
conv2d_15 (Conv2D)              (None, 80, 80, 32)   18464       dropout_7[0][0]                  
__________________________________________________________________________________________________
batch_normalization_15 (BatchNo (None, 80, 80, 32)   128         conv2d_15[0][0]                  
__________________________________________________________________________________________________
activation_15 (Activation)      (None, 80, 80, 32)   0           batch_normalization_15[0][0]     
__________________________________________________________________________________________________
conv2d_16 (Conv2D)              (None, 80, 80, 32)   9248        activation_15[0][0]              
__________________________________________________________________________________________________
batch_normalization_16 (BatchNo (None, 80, 80, 32)   128         conv2d_16[0][0]                  
__________________________________________________________________________________________________
activation_16 (Activation)      (None, 80, 80, 32)   0           batch_normalization_16[0][0]     
__________________________________________________________________________________________________
conv2d_transpose_4 (Conv2DTrans (None, 160, 160, 16) 4624        activation_16[0][0]              
__________________________________________________________________________________________________
concatenate_4 (Concatenate)     (None, 160, 160, 32) 0           conv2d_transpose_4[0][0]         
                                                                 activation_2[0][0]               
__________________________________________________________________________________________________
dropout_8 (Dropout)             (None, 160, 160, 32) 0           concatenate_4[0][0]              
__________________________________________________________________________________________________
conv2d_17 (Conv2D)              (None, 160, 160, 16) 4624        dropout_8[0][0]                  
__________________________________________________________________________________________________
batch_normalization_17 (BatchNo (None, 160, 160, 16) 64          conv2d_17[0][0]                  
__________________________________________________________________________________________________
activation_17 (Activation)      (None, 160, 160, 16) 0           batch_normalization_17[0][0]     
__________________________________________________________________________________________________
conv2d_18 (Conv2D)              (None, 160, 160, 16) 2320        activation_17[0][0]              
__________________________________________________________________________________________________
batch_normalization_18 (BatchNo (None, 160, 160, 16) 64          conv2d_18[0][0]                  
__________________________________________________________________________________________________
activation_18 (Activation)      (None, 160, 160, 16) 0           batch_normalization_18[0][0]     
__________________________________________________________________________________________________
conv2d_19 (Conv2D)              (None, 160, 160, 6)  102         activation_18[0][0]              
==================================================================================================
Total params: 2,164,678
Trainable params: 2,161,734
Non-trainable params: 2,944
__________________________________________________________________________________________________
None
Epoch 1/50
 - 2133s - loss: 0.6310 - acc: 0.7735 - val_loss: 0.7981 - val_acc: 0.7085
Epoch 2/50
 - 2177s - loss: 0.6268 - acc: 0.7746 - val_loss: 0.8184 - val_acc: 0.7066
Epoch 3/50
 - 2129s - loss: 0.6163 - acc: 0.7787 - val_loss: 0.8418 - val_acc: 0.6952
Epoch 4/50
 - 2108s - loss: 0.6076 - acc: 0.7820 - val_loss: 0.8774 - val_acc: 0.6787
Epoch 5/50
 - 2105s - loss: 0.5993 - acc: 0.7852 - val_loss: 0.8708 - val_acc: 0.6813
Epoch 6/50
 - 2103s - loss: 0.5901 - acc: 0.7885 - val_loss: 0.8638 - val_acc: 0.6828

Epoch 00006: ReduceLROnPlateau reducing learning rate to 0.00010000000474974513.
Epoch 7/50
 - 2107s - loss: 0.5917 - acc: 0.7877 - val_loss: 0.6164 - val_acc: 0.7793
Epoch 8/50
 - 2122s - loss: 0.5690 - acc: 0.7960 - val_loss: 0.6178 - val_acc: 0.7783
Epoch 9/50
 - 2137s - loss: 0.5616 - acc: 0.7987 - val_loss: 0.6176 - val_acc: 0.7784
Epoch 10/50
 - 2231s - loss: 0.5557 - acc: 0.8006 - val_loss: 0.6159 - val_acc: 0.7788
Epoch 11/50
 - 2177s - loss: 0.5519 - acc: 0.8019 - val_loss: 0.6153 - val_acc: 0.7792
Epoch 12/50
 - 2176s - loss: 0.5479 - acc: 0.8035 - val_loss: 0.6152 - val_acc: 0.7795
Epoch 13/50
 - 2185s - loss: 0.5441 - acc: 0.8050 - val_loss: 0.6171 - val_acc: 0.7790
Epoch 14/50
 - 2183s - loss: 0.5408 - acc: 0.8059 - val_loss: 0.6160 - val_acc: 0.7794
Epoch 15/50
 - 2258s - loss: 0.5374 - acc: 0.8071 - val_loss: 0.6158 - val_acc: 0.7795
Epoch 16/50
 - 2341s - loss: 0.5345 - acc: 0.8082 - val_loss: 0.6137 - val_acc: 0.7801
Epoch 17/50
 - 2323s - loss: 0.5321 - acc: 0.8090 - val_loss: 0.6153 - val_acc: 0.7796
Epoch 18/50
 - 2322s - loss: 0.5298 - acc: 0.8099 - val_loss: 0.6165 - val_acc: 0.7787
Epoch 19/50
 - 2317s - loss: 0.5270 - acc: 0.8107 - val_loss: 0.6140 - val_acc: 0.7798
Epoch 20/50
 - 2323s - loss: 0.5246 - acc: 0.8116 - val_loss: 0.6163 - val_acc: 0.7795
Epoch 21/50
 - 2314s - loss: 0.5222 - acc: 0.8126 - val_loss: 0.6143 - val_acc: 0.7795

Epoch 00021: ReduceLROnPlateau reducing learning rate to 1.0000000474974514e-05.
Epoch 22/50
 - 2346s - loss: 0.5253 - acc: 0.8113 - val_loss: 0.5923 - val_acc: 0.7890
Epoch 23/50
 - 2318s - loss: 0.5207 - acc: 0.8131 - val_loss: 0.5924 - val_acc: 0.7889
Epoch 24/50
 - 2331s - loss: 0.5196 - acc: 0.8135 - val_loss: 0.5927 - val_acc: 0.7887
Epoch 25/50
 - 2380s - loss: 0.5188 - acc: 0.8140 - val_loss: 0.5921 - val_acc: 0.7888
Epoch 26/50
 - 2399s - loss: 0.5185 - acc: 0.8139 - val_loss: 0.5926 - val_acc: 0.7886
Epoch 27/50
 - 2328s - loss: 0.5177 - acc: 0.8142 - val_loss: 0.5919 - val_acc: 0.7888
Epoch 28/50
 - 2246s - loss: 0.5173 - acc: 0.8143 - val_loss: 0.5926 - val_acc: 0.7886
Epoch 29/50
 - 2387s - loss: 0.5168 - acc: 0.8146 - val_loss: 0.5925 - val_acc: 0.7886
Epoch 30/50
 - 2382s - loss: 0.5165 - acc: 0.8145 - val_loss: 0.5923 - val_acc: 0.7886
Epoch 31/50
 - 2393s - loss: 0.5162 - acc: 0.8148 - val_loss: 0.5920 - val_acc: 0.7888
Epoch 32/50
 - 2385s - loss: 0.5156 - acc: 0.8149 - val_loss: 0.5917 - val_acc: 0.7889
Epoch 33/50
 - 2406s - loss: 0.5152 - acc: 0.8150 - val_loss: 0.5917 - val_acc: 0.7888
Epoch 34/50
 - 2405s - loss: 0.5150 - acc: 0.8152 - val_loss: 0.5916 - val_acc: 0.7889
Epoch 35/50
 - 2399s - loss: 0.5147 - acc: 0.8153 - val_loss: 0.5915 - val_acc: 0.7889
Epoch 36/50
 - 2415s - loss: 0.5144 - acc: 0.8154 - val_loss: 0.5915 - val_acc: 0.7888
Epoch 37/50
 - 2384s - loss: 0.5142 - acc: 0.8154 - val_loss: 0.5912 - val_acc: 0.7890
Epoch 38/50
 - 2272s - loss: 0.5134 - acc: 0.8158 - val_loss: 0.5915 - val_acc: 0.7889
Epoch 39/50
 - 2167s - loss: 0.5134 - acc: 0.8157 - val_loss: 0.5914 - val_acc: 0.7889
Epoch 40/50
 - 2123s - loss: 0.5128 - acc: 0.8158 - val_loss: 0.5916 - val_acc: 0.7889
Epoch 41/50
 - 2143s - loss: 0.5128 - acc: 0.8159 - val_loss: 0.5914 - val_acc: 0.7889
Epoch 42/50
 - 2073s - loss: 0.5127 - acc: 0.8160 - val_loss: 0.5917 - val_acc: 0.7888

Epoch 00042: ReduceLROnPlateau reducing learning rate to 1.0000000656873453e-06.
Epoch 43/50
 - 2070s - loss: 0.5114 - acc: 0.8165 - val_loss: 0.5885 - val_acc: 0.7898
Epoch 44/50
 - 2161s - loss: 0.5111 - acc: 0.8165 - val_loss: 0.5888 - val_acc: 0.7897
Epoch 45/50
 - 2121s - loss: 0.5113 - acc: 0.8164 - val_loss: 0.5888 - val_acc: 0.7897
Epoch 46/50
 - 2147s - loss: 0.5110 - acc: 0.8167 - val_loss: 0.5890 - val_acc: 0.7897
Epoch 47/50
 - 2200s - loss: 0.5109 - acc: 0.8167 - val_loss: 0.5891 - val_acc: 0.7897
Epoch 48/50
 - 2419s - loss: 0.5112 - acc: 0.8164 - val_loss: 0.5891 - val_acc: 0.7897

Epoch 00048: ReduceLROnPlateau reducing learning rate to 1e-06.
Epoch 49/50
 - 2397s - loss: 0.5109 - acc: 0.8166 - val_loss: 0.5892 - val_acc: 0.7897
Epoch 50/50
 - 2393s - loss: 0.5106 - acc: 0.8166 - val_loss: 0.5894 - val_acc: 0.7896


Test acc:  0.7623151201779186
Test loss:  0.6903025457104024

1/1 [==============================] - 1s 1s/step
/home/aidan/Semantic-Segmentation/lib/python3.5/site-packages/tensorflow/python/framework/dtypes.py:523: FutureWarning: Passing (type, 1) or '1type' as a synonym of type is deprecated; in a future version of numpy, it will be understood as (type, (1,)) / '(1,)type'.
  _np_qint8 = np.dtype([("qint8", np.int8, 1)])
/home/aidan/Semantic-Segmentation/lib/python3.5/site-packages/tensorflow/python/framework/dtypes.py:524: FutureWarning: Passing (type, 1) or '1type' as a synonym of type is deprecated; in a future version of numpy, it will be understood as (type, (1,)) / '(1,)type'.
  _np_quint8 = np.dtype([("quint8", np.uint8, 1)])
/home/aidan/Semantic-Segmentation/lib/python3.5/site-packages/tensorflow/python/framework/dtypes.py:525: FutureWarning: Passing (type, 1) or '1type' as a synonym of type is deprecated; in a future version of numpy, it will be understood as (type, (1,)) / '(1,)type'.
  _np_qint16 = np.dtype([("qint16", np.int16, 1)])
/home/aidan/Semantic-Segmentation/lib/python3.5/site-packages/tensorflow/python/framework/dtypes.py:526: FutureWarning: Passing (type, 1) or '1type' as a synonym of type is deprecated; in a future version of numpy, it will be understood as (type, (1,)) / '(1,)type'.
  _np_quint16 = np.dtype([("quint16", np.uint16, 1)])
/home/aidan/Semantic-Segmentation/lib/python3.5/site-packages/tensorflow/python/framework/dtypes.py:527: FutureWarning: Passing (type, 1) or '1type' as a synonym of type is deprecated; in a future version of numpy, it will be understood as (type, (1,)) / '(1,)type'.
  _np_qint32 = np.dtype([("qint32", np.int32, 1)])
/home/aidan/Semantic-Segmentation/lib/python3.5/site-packages/tensorflow/python/framework/dtypes.py:532: FutureWarning: Passing (type, 1) or '1type' as a synonym of type is deprecated; in a future version of numpy, it will be understood as (type, (1,)) / '(1,)type'.
  np_resource = np.dtype([("resource", np.ubyte, 1)])
Using TensorFlow backend.
2019-09-23 10:29:12.497916: I tensorflow/core/platform/cpu_feature_guard.cc:141] Your CPU supports instructions that this TensorFlow binary was not compiled to use: AVX2 FMA
2019-09-23 10:29:12.696644: I tensorflow/core/common_runtime/gpu/gpu_device.cc:1432] Found device 0 with properties: 
name: GeForce GTX TITAN X major: 5 minor: 2 memoryClockRate(GHz): 1.076
pciBusID: 0000:84:00.0
totalMemory: 11.93GiB freeMemory: 11.82GiB
2019-09-23 10:29:12.696695: I tensorflow/core/common_runtime/gpu/gpu_device.cc:1511] Adding visible gpu devices: 0
2019-09-23 10:29:14.052721: I tensorflow/core/common_runtime/gpu/gpu_device.cc:982] Device interconnect StreamExecutor with strength 1 edge matrix:
2019-09-23 10:29:14.052771: I tensorflow/core/common_runtime/gpu/gpu_device.cc:988]      0 
2019-09-23 10:29:14.052803: I tensorflow/core/common_runtime/gpu/gpu_device.cc:1001] 0:   N 
2019-09-23 10:29:14.053033: I tensorflow/core/common_runtime/gpu/gpu_device.cc:1115] Created TensorFlow device (/job:localhost/replica:0/task:0/device:GPU:0 with 11435 MB memory) -> physical GPU (device: 0, name: GeForce GTX TITAN X, pci bus id: 0000:84:00.0, compute capability: 5.2)
Model: "model_1"
__________________________________________________________________________________________________
Layer (type)                    Output Shape         Param #     Connected to                     
==================================================================================================
input_1 (InputLayer)            (None, 160, 160, 3)  0                                            
__________________________________________________________________________________________________
conv1_pad (ZeroPadding2D)       (None, 166, 166, 3)  0           input_1[0][0]                    
__________________________________________________________________________________________________
conv1 (Conv2D)                  (None, 80, 80, 64)   9472        conv1_pad[0][0]                  
__________________________________________________________________________________________________
bn_conv1 (BatchNormalization)   (None, 80, 80, 64)   256         conv1[0][0]                      
__________________________________________________________________________________________________
activation_1 (Activation)       (None, 80, 80, 64)   0           bn_conv1[0][0]                   
__________________________________________________________________________________________________
pool1_pad (ZeroPadding2D)       (None, 82, 82, 64)   0           activation_1[0][0]               
__________________________________________________________________________________________________
max_pooling2d_1 (MaxPooling2D)  (None, 40, 40, 64)   0           pool1_pad[0][0]                  
__________________________________________________________________________________________________
res2a_branch2a (Conv2D)         (None, 40, 40, 64)   4160        max_pooling2d_1[0][0]            
__________________________________________________________________________________________________
bn2a_branch2a (BatchNormalizati (None, 40, 40, 64)   256         res2a_branch2a[0][0]             
__________________________________________________________________________________________________
activation_2 (Activation)       (None, 40, 40, 64)   0           bn2a_branch2a[0][0]              
__________________________________________________________________________________________________
res2a_branch2b (Conv2D)         (None, 40, 40, 64)   36928       activation_2[0][0]               
__________________________________________________________________________________________________
bn2a_branch2b (BatchNormalizati (None, 40, 40, 64)   256         res2a_branch2b[0][0]             
__________________________________________________________________________________________________
activation_3 (Activation)       (None, 40, 40, 64)   0           bn2a_branch2b[0][0]              
__________________________________________________________________________________________________
res2a_branch2c (Conv2D)         (None, 40, 40, 256)  16640       activation_3[0][0]               
__________________________________________________________________________________________________
res2a_branch1 (Conv2D)          (None, 40, 40, 256)  16640       max_pooling2d_1[0][0]            
__________________________________________________________________________________________________
bn2a_branch2c (BatchNormalizati (None, 40, 40, 256)  1024        res2a_branch2c[0][0]             
__________________________________________________________________________________________________
bn2a_branch1 (BatchNormalizatio (None, 40, 40, 256)  1024        res2a_branch1[0][0]              
__________________________________________________________________________________________________
add_1 (Add)                     (None, 40, 40, 256)  0           bn2a_branch2c[0][0]              
                                                                 bn2a_branch1[0][0]               
__________________________________________________________________________________________________
activation_4 (Activation)       (None, 40, 40, 256)  0           add_1[0][0]                      
__________________________________________________________________________________________________
res2b_branch2a (Conv2D)         (None, 40, 40, 64)   16448       activation_4[0][0]               
__________________________________________________________________________________________________
bn2b_branch2a (BatchNormalizati (None, 40, 40, 64)   256         res2b_branch2a[0][0]             
__________________________________________________________________________________________________
activation_5 (Activation)       (None, 40, 40, 64)   0           bn2b_branch2a[0][0]              
__________________________________________________________________________________________________
res2b_branch2b (Conv2D)         (None, 40, 40, 64)   36928       activation_5[0][0]               
__________________________________________________________________________________________________
bn2b_branch2b (BatchNormalizati (None, 40, 40, 64)   256         res2b_branch2b[0][0]             
__________________________________________________________________________________________________
activation_6 (Activation)       (None, 40, 40, 64)   0           bn2b_branch2b[0][0]              
__________________________________________________________________________________________________
res2b_branch2c (Conv2D)         (None, 40, 40, 256)  16640       activation_6[0][0]               
__________________________________________________________________________________________________
bn2b_branch2c (BatchNormalizati (None, 40, 40, 256)  1024        res2b_branch2c[0][0]             
__________________________________________________________________________________________________
add_2 (Add)                     (None, 40, 40, 256)  0           bn2b_branch2c[0][0]              
                                                                 activation_4[0][0]               
__________________________________________________________________________________________________
activation_7 (Activation)       (None, 40, 40, 256)  0           add_2[0][0]                      
__________________________________________________________________________________________________
res2c_branch2a (Conv2D)         (None, 40, 40, 64)   16448       activation_7[0][0]               
__________________________________________________________________________________________________
bn2c_branch2a (BatchNormalizati (None, 40, 40, 64)   256         res2c_branch2a[0][0]             
__________________________________________________________________________________________________
activation_8 (Activation)       (None, 40, 40, 64)   0           bn2c_branch2a[0][0]              
__________________________________________________________________________________________________
res2c_branch2b (Conv2D)         (None, 40, 40, 64)   36928       activation_8[0][0]               
__________________________________________________________________________________________________
bn2c_branch2b (BatchNormalizati (None, 40, 40, 64)   256         res2c_branch2b[0][0]             
__________________________________________________________________________________________________
activation_9 (Activation)       (None, 40, 40, 64)   0           bn2c_branch2b[0][0]              
__________________________________________________________________________________________________
res2c_branch2c (Conv2D)         (None, 40, 40, 256)  16640       activation_9[0][0]               
__________________________________________________________________________________________________
bn2c_branch2c (BatchNormalizati (None, 40, 40, 256)  1024        res2c_branch2c[0][0]             
__________________________________________________________________________________________________
add_3 (Add)                     (None, 40, 40, 256)  0           bn2c_branch2c[0][0]              
                                                                 activation_7[0][0]               
__________________________________________________________________________________________________
activation_10 (Activation)      (None, 40, 40, 256)  0           add_3[0][0]                      
__________________________________________________________________________________________________
res3a_branch2a (Conv2D)         (None, 20, 20, 128)  32896       activation_10[0][0]              
__________________________________________________________________________________________________
bn3a_branch2a (BatchNormalizati (None, 20, 20, 128)  512         res3a_branch2a[0][0]             
__________________________________________________________________________________________________
activation_11 (Activation)      (None, 20, 20, 128)  0           bn3a_branch2a[0][0]              
__________________________________________________________________________________________________
res3a_branch2b (Conv2D)         (None, 20, 20, 128)  147584      activation_11[0][0]              
__________________________________________________________________________________________________
bn3a_branch2b (BatchNormalizati (None, 20, 20, 128)  512         res3a_branch2b[0][0]             
__________________________________________________________________________________________________
activation_12 (Activation)      (None, 20, 20, 128)  0           bn3a_branch2b[0][0]              
__________________________________________________________________________________________________
res3a_branch2c (Conv2D)         (None, 20, 20, 512)  66048       activation_12[0][0]              
__________________________________________________________________________________________________
res3a_branch1 (Conv2D)          (None, 20, 20, 512)  131584      activation_10[0][0]              
__________________________________________________________________________________________________
bn3a_branch2c (BatchNormalizati (None, 20, 20, 512)  2048        res3a_branch2c[0][0]             
__________________________________________________________________________________________________
bn3a_branch1 (BatchNormalizatio (None, 20, 20, 512)  2048        res3a_branch1[0][0]              
__________________________________________________________________________________________________
add_4 (Add)                     (None, 20, 20, 512)  0           bn3a_branch2c[0][0]              
                                                                 bn3a_branch1[0][0]               
__________________________________________________________________________________________________
activation_13 (Activation)      (None, 20, 20, 512)  0           add_4[0][0]                      
__________________________________________________________________________________________________
res3b_branch2a (Conv2D)         (None, 20, 20, 128)  65664       activation_13[0][0]              
__________________________________________________________________________________________________
bn3b_branch2a (BatchNormalizati (None, 20, 20, 128)  512         res3b_branch2a[0][0]             
__________________________________________________________________________________________________
activation_14 (Activation)      (None, 20, 20, 128)  0           bn3b_branch2a[0][0]              
__________________________________________________________________________________________________
res3b_branch2b (Conv2D)         (None, 20, 20, 128)  147584      activation_14[0][0]              
__________________________________________________________________________________________________
bn3b_branch2b (BatchNormalizati (None, 20, 20, 128)  512         res3b_branch2b[0][0]             
__________________________________________________________________________________________________
activation_15 (Activation)      (None, 20, 20, 128)  0           bn3b_branch2b[0][0]              
__________________________________________________________________________________________________
res3b_branch2c (Conv2D)         (None, 20, 20, 512)  66048       activation_15[0][0]              
__________________________________________________________________________________________________
bn3b_branch2c (BatchNormalizati (None, 20, 20, 512)  2048        res3b_branch2c[0][0]             
__________________________________________________________________________________________________
add_5 (Add)                     (None, 20, 20, 512)  0           bn3b_branch2c[0][0]              
                                                                 activation_13[0][0]              
__________________________________________________________________________________________________
activation_16 (Activation)      (None, 20, 20, 512)  0           add_5[0][0]                      
__________________________________________________________________________________________________
res3c_branch2a (Conv2D)         (None, 20, 20, 128)  65664       activation_16[0][0]              
__________________________________________________________________________________________________
bn3c_branch2a (BatchNormalizati (None, 20, 20, 128)  512         res3c_branch2a[0][0]             
__________________________________________________________________________________________________
activation_17 (Activation)      (None, 20, 20, 128)  0           bn3c_branch2a[0][0]              
__________________________________________________________________________________________________
res3c_branch2b (Conv2D)         (None, 20, 20, 128)  147584      activation_17[0][0]              
__________________________________________________________________________________________________
bn3c_branch2b (BatchNormalizati (None, 20, 20, 128)  512         res3c_branch2b[0][0]             
__________________________________________________________________________________________________
activation_18 (Activation)      (None, 20, 20, 128)  0           bn3c_branch2b[0][0]              
__________________________________________________________________________________________________
res3c_branch2c (Conv2D)         (None, 20, 20, 512)  66048       activation_18[0][0]              
__________________________________________________________________________________________________
bn3c_branch2c (BatchNormalizati (None, 20, 20, 512)  2048        res3c_branch2c[0][0]             
__________________________________________________________________________________________________
add_6 (Add)                     (None, 20, 20, 512)  0           bn3c_branch2c[0][0]              
                                                                 activation_16[0][0]              
__________________________________________________________________________________________________
activation_19 (Activation)      (None, 20, 20, 512)  0           add_6[0][0]                      
__________________________________________________________________________________________________
res3d_branch2a (Conv2D)         (None, 20, 20, 128)  65664       activation_19[0][0]              
__________________________________________________________________________________________________
bn3d_branch2a (BatchNormalizati (None, 20, 20, 128)  512         res3d_branch2a[0][0]             
__________________________________________________________________________________________________
activation_20 (Activation)      (None, 20, 20, 128)  0           bn3d_branch2a[0][0]              
__________________________________________________________________________________________________
res3d_branch2b (Conv2D)         (None, 20, 20, 128)  147584      activation_20[0][0]              
__________________________________________________________________________________________________
bn3d_branch2b (BatchNormalizati (None, 20, 20, 128)  512         res3d_branch2b[0][0]             
__________________________________________________________________________________________________
activation_21 (Activation)      (None, 20, 20, 128)  0           bn3d_branch2b[0][0]              
__________________________________________________________________________________________________
res3d_branch2c (Conv2D)         (None, 20, 20, 512)  66048       activation_21[0][0]              
__________________________________________________________________________________________________
bn3d_branch2c (BatchNormalizati (None, 20, 20, 512)  2048        res3d_branch2c[0][0]             
__________________________________________________________________________________________________
add_7 (Add)                     (None, 20, 20, 512)  0           bn3d_branch2c[0][0]              
                                                                 activation_19[0][0]              
__________________________________________________________________________________________________
activation_22 (Activation)      (None, 20, 20, 512)  0           add_7[0][0]                      
__________________________________________________________________________________________________
res4a_branch2a (Conv2D)         (None, 10, 10, 256)  131328      activation_22[0][0]              
__________________________________________________________________________________________________
bn4a_branch2a (BatchNormalizati (None, 10, 10, 256)  1024        res4a_branch2a[0][0]             
__________________________________________________________________________________________________
activation_23 (Activation)      (None, 10, 10, 256)  0           bn4a_branch2a[0][0]              
__________________________________________________________________________________________________
res4a_branch2b (Conv2D)         (None, 10, 10, 256)  590080      activation_23[0][0]              
__________________________________________________________________________________________________
bn4a_branch2b (BatchNormalizati (None, 10, 10, 256)  1024        res4a_branch2b[0][0]             
__________________________________________________________________________________________________
activation_24 (Activation)      (None, 10, 10, 256)  0           bn4a_branch2b[0][0]              
__________________________________________________________________________________________________
res4a_branch2c (Conv2D)         (None, 10, 10, 1024) 263168      activation_24[0][0]              
__________________________________________________________________________________________________
res4a_branch1 (Conv2D)          (None, 10, 10, 1024) 525312      activation_22[0][0]              
__________________________________________________________________________________________________
bn4a_branch2c (BatchNormalizati (None, 10, 10, 1024) 4096        res4a_branch2c[0][0]             
__________________________________________________________________________________________________
bn4a_branch1 (BatchNormalizatio (None, 10, 10, 1024) 4096        res4a_branch1[0][0]              
__________________________________________________________________________________________________
add_8 (Add)                     (None, 10, 10, 1024) 0           bn4a_branch2c[0][0]              
                                                                 bn4a_branch1[0][0]               
__________________________________________________________________________________________________
activation_25 (Activation)      (None, 10, 10, 1024) 0           add_8[0][0]                      
__________________________________________________________________________________________________
res4b_branch2a (Conv2D)         (None, 10, 10, 256)  262400      activation_25[0][0]              
__________________________________________________________________________________________________
bn4b_branch2a (BatchNormalizati (None, 10, 10, 256)  1024        res4b_branch2a[0][0]             
__________________________________________________________________________________________________
activation_26 (Activation)      (None, 10, 10, 256)  0           bn4b_branch2a[0][0]              
__________________________________________________________________________________________________
res4b_branch2b (Conv2D)         (None, 10, 10, 256)  590080      activation_26[0][0]              
__________________________________________________________________________________________________
bn4b_branch2b (BatchNormalizati (None, 10, 10, 256)  1024        res4b_branch2b[0][0]             
__________________________________________________________________________________________________
activation_27 (Activation)      (None, 10, 10, 256)  0           bn4b_branch2b[0][0]              
__________________________________________________________________________________________________
res4b_branch2c (Conv2D)         (None, 10, 10, 1024) 263168      activation_27[0][0]              
__________________________________________________________________________________________________
bn4b_branch2c (BatchNormalizati (None, 10, 10, 1024) 4096        res4b_branch2c[0][0]             
__________________________________________________________________________________________________
add_9 (Add)                     (None, 10, 10, 1024) 0           bn4b_branch2c[0][0]              
                                                                 activation_25[0][0]              
__________________________________________________________________________________________________
activation_28 (Activation)      (None, 10, 10, 1024) 0           add_9[0][0]                      
__________________________________________________________________________________________________
res4c_branch2a (Conv2D)         (None, 10, 10, 256)  262400      activation_28[0][0]              
__________________________________________________________________________________________________
bn4c_branch2a (BatchNormalizati (None, 10, 10, 256)  1024        res4c_branch2a[0][0]             
__________________________________________________________________________________________________
activation_29 (Activation)      (None, 10, 10, 256)  0           bn4c_branch2a[0][0]              
__________________________________________________________________________________________________
res4c_branch2b (Conv2D)         (None, 10, 10, 256)  590080      activation_29[0][0]              
__________________________________________________________________________________________________
bn4c_branch2b (BatchNormalizati (None, 10, 10, 256)  1024        res4c_branch2b[0][0]             
__________________________________________________________________________________________________
activation_30 (Activation)      (None, 10, 10, 256)  0           bn4c_branch2b[0][0]              
__________________________________________________________________________________________________
res4c_branch2c (Conv2D)         (None, 10, 10, 1024) 263168      activation_30[0][0]              
__________________________________________________________________________________________________
bn4c_branch2c (BatchNormalizati (None, 10, 10, 1024) 4096        res4c_branch2c[0][0]             
__________________________________________________________________________________________________
add_10 (Add)                    (None, 10, 10, 1024) 0           bn4c_branch2c[0][0]              
                                                                 activation_28[0][0]              
__________________________________________________________________________________________________
activation_31 (Activation)      (None, 10, 10, 1024) 0           add_10[0][0]                     
__________________________________________________________________________________________________
res4d_branch2a (Conv2D)         (None, 10, 10, 256)  262400      activation_31[0][0]              
__________________________________________________________________________________________________
bn4d_branch2a (BatchNormalizati (None, 10, 10, 256)  1024        res4d_branch2a[0][0]             
__________________________________________________________________________________________________
activation_32 (Activation)      (None, 10, 10, 256)  0           bn4d_branch2a[0][0]              
__________________________________________________________________________________________________
res4d_branch2b (Conv2D)         (None, 10, 10, 256)  590080      activation_32[0][0]              
__________________________________________________________________________________________________
bn4d_branch2b (BatchNormalizati (None, 10, 10, 256)  1024        res4d_branch2b[0][0]             
__________________________________________________________________________________________________
activation_33 (Activation)      (None, 10, 10, 256)  0           bn4d_branch2b[0][0]              
__________________________________________________________________________________________________
res4d_branch2c (Conv2D)         (None, 10, 10, 1024) 263168      activation_33[0][0]              
__________________________________________________________________________________________________
bn4d_branch2c (BatchNormalizati (None, 10, 10, 1024) 4096        res4d_branch2c[0][0]             
__________________________________________________________________________________________________
add_11 (Add)                    (None, 10, 10, 1024) 0           bn4d_branch2c[0][0]              
                                                                 activation_31[0][0]              
__________________________________________________________________________________________________
activation_34 (Activation)      (None, 10, 10, 1024) 0           add_11[0][0]                     
__________________________________________________________________________________________________
res4e_branch2a (Conv2D)         (None, 10, 10, 256)  262400      activation_34[0][0]              
__________________________________________________________________________________________________
bn4e_branch2a (BatchNormalizati (None, 10, 10, 256)  1024        res4e_branch2a[0][0]             
__________________________________________________________________________________________________
activation_35 (Activation)      (None, 10, 10, 256)  0           bn4e_branch2a[0][0]              
__________________________________________________________________________________________________
res4e_branch2b (Conv2D)         (None, 10, 10, 256)  590080      activation_35[0][0]              
__________________________________________________________________________________________________
bn4e_branch2b (BatchNormalizati (None, 10, 10, 256)  1024        res4e_branch2b[0][0]             
__________________________________________________________________________________________________
activation_36 (Activation)      (None, 10, 10, 256)  0           bn4e_branch2b[0][0]              
__________________________________________________________________________________________________
res4e_branch2c (Conv2D)         (None, 10, 10, 1024) 263168      activation_36[0][0]              
__________________________________________________________________________________________________
bn4e_branch2c (BatchNormalizati (None, 10, 10, 1024) 4096        res4e_branch2c[0][0]             
__________________________________________________________________________________________________
add_12 (Add)                    (None, 10, 10, 1024) 0           bn4e_branch2c[0][0]              
                                                                 activation_34[0][0]              
__________________________________________________________________________________________________
activation_37 (Activation)      (None, 10, 10, 1024) 0           add_12[0][0]                     
__________________________________________________________________________________________________
res4f_branch2a (Conv2D)         (None, 10, 10, 256)  262400      activation_37[0][0]              
__________________________________________________________________________________________________
bn4f_branch2a (BatchNormalizati (None, 10, 10, 256)  1024        res4f_branch2a[0][0]             
__________________________________________________________________________________________________
activation_38 (Activation)      (None, 10, 10, 256)  0           bn4f_branch2a[0][0]              
__________________________________________________________________________________________________
res4f_branch2b (Conv2D)         (None, 10, 10, 256)  590080      activation_38[0][0]              
__________________________________________________________________________________________________
bn4f_branch2b (BatchNormalizati (None, 10, 10, 256)  1024        res4f_branch2b[0][0]             
__________________________________________________________________________________________________
activation_39 (Activation)      (None, 10, 10, 256)  0           bn4f_branch2b[0][0]              
__________________________________________________________________________________________________
res4f_branch2c (Conv2D)         (None, 10, 10, 1024) 263168      activation_39[0][0]              
__________________________________________________________________________________________________
bn4f_branch2c (BatchNormalizati (None, 10, 10, 1024) 4096        res4f_branch2c[0][0]             
__________________________________________________________________________________________________
add_13 (Add)                    (None, 10, 10, 1024) 0           bn4f_branch2c[0][0]              
                                                                 activation_37[0][0]              
__________________________________________________________________________________________________
activation_40 (Activation)      (None, 10, 10, 1024) 0           add_13[0][0]                     
__________________________________________________________________________________________________
res5a_branch2a (Conv2D)         (None, 5, 5, 512)    524800      activation_40[0][0]              
__________________________________________________________________________________________________
bn5a_branch2a (BatchNormalizati (None, 5, 5, 512)    2048        res5a_branch2a[0][0]             
__________________________________________________________________________________________________
activation_41 (Activation)      (None, 5, 5, 512)    0           bn5a_branch2a[0][0]              
__________________________________________________________________________________________________
res5a_branch2b (Conv2D)         (None, 5, 5, 512)    2359808     activation_41[0][0]              
__________________________________________________________________________________________________
bn5a_branch2b (BatchNormalizati (None, 5, 5, 512)    2048        res5a_branch2b[0][0]             
__________________________________________________________________________________________________
activation_42 (Activation)      (None, 5, 5, 512)    0           bn5a_branch2b[0][0]              
__________________________________________________________________________________________________
res5a_branch2c (Conv2D)         (None, 5, 5, 2048)   1050624     activation_42[0][0]              
__________________________________________________________________________________________________
res5a_branch1 (Conv2D)          (None, 5, 5, 2048)   2099200     activation_40[0][0]              
__________________________________________________________________________________________________
bn5a_branch2c (BatchNormalizati (None, 5, 5, 2048)   8192        res5a_branch2c[0][0]             
__________________________________________________________________________________________________
bn5a_branch1 (BatchNormalizatio (None, 5, 5, 2048)   8192        res5a_branch1[0][0]              
__________________________________________________________________________________________________
add_14 (Add)                    (None, 5, 5, 2048)   0           bn5a_branch2c[0][0]              
                                                                 bn5a_branch1[0][0]               
__________________________________________________________________________________________________
activation_43 (Activation)      (None, 5, 5, 2048)   0           add_14[0][0]                     
__________________________________________________________________________________________________
res5b_branch2a (Conv2D)         (None, 5, 5, 512)    1049088     activation_43[0][0]              
__________________________________________________________________________________________________
bn5b_branch2a (BatchNormalizati (None, 5, 5, 512)    2048        res5b_branch2a[0][0]             
__________________________________________________________________________________________________
activation_44 (Activation)      (None, 5, 5, 512)    0           bn5b_branch2a[0][0]              
__________________________________________________________________________________________________
res5b_branch2b (Conv2D)         (None, 5, 5, 512)    2359808     activation_44[0][0]              
__________________________________________________________________________________________________
bn5b_branch2b (BatchNormalizati (None, 5, 5, 512)    2048        res5b_branch2b[0][0]             
__________________________________________________________________________________________________
activation_45 (Activation)      (None, 5, 5, 512)    0           bn5b_branch2b[0][0]              
__________________________________________________________________________________________________
res5b_branch2c (Conv2D)         (None, 5, 5, 2048)   1050624     activation_45[0][0]              
__________________________________________________________________________________________________
bn5b_branch2c (BatchNormalizati (None, 5, 5, 2048)   8192        res5b_branch2c[0][0]             
__________________________________________________________________________________________________
add_15 (Add)                    (None, 5, 5, 2048)   0           bn5b_branch2c[0][0]              
                                                                 activation_43[0][0]              
__________________________________________________________________________________________________
activation_46 (Activation)      (None, 5, 5, 2048)   0           add_15[0][0]                     
__________________________________________________________________________________________________
res5c_branch2a (Conv2D)         (None, 5, 5, 512)    1049088     activation_46[0][0]              
__________________________________________________________________________________________________
bn5c_branch2a (BatchNormalizati (None, 5, 5, 512)    2048        res5c_branch2a[0][0]             
__________________________________________________________________________________________________
activation_47 (Activation)      (None, 5, 5, 512)    0           bn5c_branch2a[0][0]              
__________________________________________________________________________________________________
res5c_branch2b (Conv2D)         (None, 5, 5, 512)    2359808     activation_47[0][0]              
__________________________________________________________________________________________________
bn5c_branch2b (BatchNormalizati (None, 5, 5, 512)    2048        res5c_branch2b[0][0]             
__________________________________________________________________________________________________
activation_48 (Activation)      (None, 5, 5, 512)    0           bn5c_branch2b[0][0]              
__________________________________________________________________________________________________
res5c_branch2c (Conv2D)         (None, 5, 5, 2048)   1050624     activation_48[0][0]              
__________________________________________________________________________________________________
bn5c_branch2c (BatchNormalizati (None, 5, 5, 2048)   8192        res5c_branch2c[0][0]             
__________________________________________________________________________________________________
add_16 (Add)                    (None, 5, 5, 2048)   0           bn5c_branch2c[0][0]              
                                                                 activation_46[0][0]              
__________________________________________________________________________________________________
conv2d_1 (Conv2D)               (None, 5, 5, 6)      12294       add_16[0][0]                     
__________________________________________________________________________________________________
conv2d_2 (Conv2D)               (None, 10, 10, 6)    6150        add_13[0][0]                     
__________________________________________________________________________________________________
conv2d_3 (Conv2D)               (None, 20, 20, 6)    3078        add_7[0][0]                      
__________________________________________________________________________________________________
lambda_1 (Lambda)               (None, 160, 160, 6)  0           conv2d_1[0][0]                   
__________________________________________________________________________________________________
lambda_2 (Lambda)               (None, 160, 160, 6)  0           conv2d_2[0][0]                   
__________________________________________________________________________________________________
lambda_3 (Lambda)               (None, 160, 160, 6)  0           conv2d_3[0][0]                   
__________________________________________________________________________________________________
add_17 (Add)                    (None, 160, 160, 6)  0           lambda_1[0][0]                   
                                                                 lambda_2[0][0]                   
                                                                 lambda_3[0][0]                   
__________________________________________________________________________________________________
reshape_1 (Reshape)             (None, 25600, 6)     0           add_17[0][0]                     
__________________________________________________________________________________________________
activation_50 (Activation)      (None, 25600, 6)     0           reshape_1[0][0]                  
__________________________________________________________________________________________________
reshape_2 (Reshape)             (None, 160, 160, 6)  0           activation_50[0][0]              
==================================================================================================
Total params: 23,609,234
Trainable params: 23,556,114
Non-trainable params: 53,120
__________________________________________________________________________________________________
None
Epoch 1/50
 - 2075s - loss: 0.3940 - acc: 0.8671 - val_loss: 0.8455 - val_acc: 0.7641
Epoch 2/50
 - 2137s - loss: 0.3962 - acc: 0.8664 - val_loss: 1.0767 - val_acc: 0.6873
Epoch 3/50
 - 2207s - loss: 0.3657 - acc: 0.8739 - val_loss: 0.5791 - val_acc: 0.8056
Epoch 4/50
 - 2319s - loss: 0.3273 - acc: 0.8862 - val_loss: 0.6302 - val_acc: 0.7856
Epoch 5/50
 - 3533s - loss: 0.2868 - acc: 0.8974 - val_loss: 0.6917 - val_acc: 0.7961
Epoch 6/50
 - 2966s - loss: 0.2587 - acc: 0.9080 - val_loss: 0.7802 - val_acc: 0.7560
Epoch 7/50
 - 3059s - loss: 0.2788 - acc: 0.9068 - val_loss: 1.8995 - val_acc: 0.5004
Epoch 8/50
 - 2805s - loss: 0.2500 - acc: 0.9104 - val_loss: 0.7016 - val_acc: 0.7780

Epoch 00008: ReduceLROnPlateau reducing learning rate to 0.00010000000474974513.
Epoch 9/50
 - 2575s - loss: 0.2322 - acc: 0.9156 - val_loss: 0.5452 - val_acc: 0.8296
Epoch 10/50
 - 2344s - loss: 0.1966 - acc: 0.9279 - val_loss: 0.5391 - val_acc: 0.8336
Epoch 11/50
 - 2193s - loss: 0.1784 - acc: 0.9349 - val_loss: 0.5443 - val_acc: 0.8349
Epoch 12/50
 - 2369s - loss: 0.1641 - acc: 0.9404 - val_loss: 0.5546 - val_acc: 0.8354
Epoch 13/50
 - 2347s - loss: 0.1517 - acc: 0.9450 - val_loss: 0.5750 - val_acc: 0.8335
Epoch 14/50
 - 2443s - loss: 0.1407 - acc: 0.9490 - val_loss: 0.6064 - val_acc: 0.8293
Epoch 15/50
 - 2248s - loss: 0.1306 - acc: 0.9526 - val_loss: 0.6260 - val_acc: 0.8283

Epoch 00015: ReduceLROnPlateau reducing learning rate to 1.0000000474974514e-05.
Epoch 16/50
 - 2903s - loss: 0.1332 - acc: 0.9508 - val_loss: 0.5646 - val_acc: 0.8436
Epoch 17/50
 - 2586s - loss: 0.1291 - acc: 0.9524 - val_loss: 0.5649 - val_acc: 0.8439
Epoch 18/50
 - 3105s - loss: 0.1269 - acc: 0.9533 - val_loss: 0.5662 - val_acc: 0.8439
Epoch 19/50
 - 2125s - loss: 0.1251 - acc: 0.9540 - val_loss: 0.5680 - val_acc: 0.8439
Epoch 20/50
 - 2106s - loss: 0.1234 - acc: 0.9547 - val_loss: 0.5702 - val_acc: 0.8439

Epoch 00020: ReduceLROnPlateau reducing learning rate to 1.0000000656873453e-06.
Epoch 21/50
 - 2248s - loss: 0.1240 - acc: 0.9543 - val_loss: 0.5543 - val_acc: 0.8471
Epoch 22/50
 - 2198s - loss: 0.1231 - acc: 0.9547 - val_loss: 0.5537 - val_acc: 0.8471
Epoch 23/50
 - 2200s - loss: 0.1227 - acc: 0.9548 - val_loss: 0.5536 - val_acc: 0.8471
Epoch 24/50
 - 2176s - loss: 0.1224 - acc: 0.9550 - val_loss: 0.5537 - val_acc: 0.8471
Epoch 25/50
 - 2279s - loss: 0.1222 - acc: 0.9550 - val_loss: 0.5539 - val_acc: 0.8470
/home/aidan/Semantic-Segmentation/lib/python3.5/site-packages/tensorflow/python/framework/dtypes.py:523: FutureWarning: Passing (type, 1) or '1type' as a synonym of type is deprecated; in a future version of numpy, it will be understood as (type, (1,)) / '(1,)type'.
  _np_qint8 = np.dtype([("qint8", np.int8, 1)])
/home/aidan/Semantic-Segmentation/lib/python3.5/site-packages/tensorflow/python/framework/dtypes.py:524: FutureWarning: Passing (type, 1) or '1type' as a synonym of type is deprecated; in a future version of numpy, it will be understood as (type, (1,)) / '(1,)type'.
  _np_quint8 = np.dtype([("quint8", np.uint8, 1)])
/home/aidan/Semantic-Segmentation/lib/python3.5/site-packages/tensorflow/python/framework/dtypes.py:525: FutureWarning: Passing (type, 1) or '1type' as a synonym of type is deprecated; in a future version of numpy, it will be understood as (type, (1,)) / '(1,)type'.
  _np_qint16 = np.dtype([("qint16", np.int16, 1)])
/home/aidan/Semantic-Segmentation/lib/python3.5/site-packages/tensorflow/python/framework/dtypes.py:526: FutureWarning: Passing (type, 1) or '1type' as a synonym of type is deprecated; in a future version of numpy, it will be understood as (type, (1,)) / '(1,)type'.
  _np_quint16 = np.dtype([("quint16", np.uint16, 1)])
/home/aidan/Semantic-Segmentation/lib/python3.5/site-packages/tensorflow/python/framework/dtypes.py:527: FutureWarning: Passing (type, 1) or '1type' as a synonym of type is deprecated; in a future version of numpy, it will be understood as (type, (1,)) / '(1,)type'.
  _np_qint32 = np.dtype([("qint32", np.int32, 1)])
/home/aidan/Semantic-Segmentation/lib/python3.5/site-packages/tensorflow/python/framework/dtypes.py:532: FutureWarning: Passing (type, 1) or '1type' as a synonym of type is deprecated; in a future version of numpy, it will be understood as (type, (1,)) / '(1,)type'.
  np_resource = np.dtype([("resource", np.ubyte, 1)])
Using TensorFlow backend.
/home/aidan/Semantic-Segmentation/lib/python3.5/site-packages/keras_applications/resnet50.py:265: UserWarning: The output shape of `ResNet50(include_top=False)` has been changed since Keras 2.2.0.
  warnings.warn('The output shape of `ResNet50(include_top=False)` '
deeplab_model.py:102: UserWarning: Update your `Model` call to the Keras 2 API: `Model(outputs=Tensor("re..., inputs=Tensor("in...)`
  fcn_model = Model(input=input_tensor, output=x)

Epoch 00025: ReduceLROnPlateau reducing learning rate to 1e-06.
Epoch 00025: early stopping
Traceback (most recent call last):
  File "deeplab_model.py", line 139, in <module>
    pl.savefig("lossplot-100.png", bbox_inches="tight")
NameError: name 'pl' is not defined
