2019-09-19 13:53:47.150905: I tensorflow/core/platform/cpu_feature_guard.cc:141] Your CPU supports instructions that this TensorFlow binary was not compiled to use: AVX2 FMA
2019-09-19 13:53:47.334457: I tensorflow/core/common_runtime/gpu/gpu_device.cc:1432] Found device 0 with properties: 
name: GeForce GTX TITAN X major: 5 minor: 2 memoryClockRate(GHz): 1.076
pciBusID: 0000:85:00.0
totalMemory: 11.93GiB freeMemory: 11.82GiB
2019-09-19 13:53:47.334502: I tensorflow/core/common_runtime/gpu/gpu_device.cc:1511] Adding visible gpu devices: 0
2019-09-19 13:53:48.639858: I tensorflow/core/common_runtime/gpu/gpu_device.cc:982] Device interconnect StreamExecutor with strength 1 edge matrix:
2019-09-19 13:53:48.639905: I tensorflow/core/common_runtime/gpu/gpu_device.cc:988]      0 
2019-09-19 13:53:48.639914: I tensorflow/core/common_runtime/gpu/gpu_device.cc:1001] 0:   N 
2019-09-19 13:53:48.640173: I tensorflow/core/common_runtime/gpu/gpu_device.cc:1115] Created TensorFlow device (/job:localhost/replica:0/task:0/device:GPU:0 with 11436 MB memory) -> physical GPU (device: 0, name: GeForce GTX TITAN X, pci bus id: 0000:85:00.0, compute capability: 5.2)
Model: "model_1"
__________________________________________________________________________________________________
Layer (type)                    Output Shape         Param #     Connected to                     
==================================================================================================
input_1 (InputLayer)            (None, 160, 160, 3)  0                                            
__________________________________________________________________________________________________
conv1_pad (ZeroPadding2D)       (None, 166, 166, 3)  0           input_1[0][0]                    
__________________________________________________________________________________________________
conv1 (Conv2D)                  (None, 80, 80, 64)   9472        conv1_pad[0][0]                  
__________________________________________________________________________________________________
bn_conv1 (BatchNormalization)   (None, 80, 80, 64)   256         conv1[0][0]                      
__________________________________________________________________________________________________
activation_1 (Activation)       (None, 80, 80, 64)   0           bn_conv1[0][0]                   
__________________________________________________________________________________________________
pool1_pad (ZeroPadding2D)       (None, 82, 82, 64)   0           activation_1[0][0]               
__________________________________________________________________________________________________
max_pooling2d_1 (MaxPooling2D)  (None, 40, 40, 64)   0           pool1_pad[0][0]                  
__________________________________________________________________________________________________
res2a_branch2a (Conv2D)         (None, 40, 40, 64)   4160        max_pooling2d_1[0][0]            
__________________________________________________________________________________________________
bn2a_branch2a (BatchNormalizati (None, 40, 40, 64)   256         res2a_branch2a[0][0]             
__________________________________________________________________________________________________
activation_2 (Activation)       (None, 40, 40, 64)   0           bn2a_branch2a[0][0]              
__________________________________________________________________________________________________
res2a_branch2b (Conv2D)         (None, 40, 40, 64)   36928       activation_2[0][0]               
__________________________________________________________________________________________________
bn2a_branch2b (BatchNormalizati (None, 40, 40, 64)   256         res2a_branch2b[0][0]             
__________________________________________________________________________________________________
activation_3 (Activation)       (None, 40, 40, 64)   0           bn2a_branch2b[0][0]              
__________________________________________________________________________________________________
res2a_branch2c (Conv2D)         (None, 40, 40, 256)  16640       activation_3[0][0]               
__________________________________________________________________________________________________
res2a_branch1 (Conv2D)          (None, 40, 40, 256)  16640       max_pooling2d_1[0][0]            
__________________________________________________________________________________________________
bn2a_branch2c (BatchNormalizati (None, 40, 40, 256)  1024        res2a_branch2c[0][0]             
__________________________________________________________________________________________________
bn2a_branch1 (BatchNormalizatio (None, 40, 40, 256)  1024        res2a_branch1[0][0]              
__________________________________________________________________________________________________
add_1 (Add)                     (None, 40, 40, 256)  0           bn2a_branch2c[0][0]              
                                                                 bn2a_branch1[0][0]               
__________________________________________________________________________________________________
activation_4 (Activation)       (None, 40, 40, 256)  0           add_1[0][0]                      
__________________________________________________________________________________________________
res2b_branch2a (Conv2D)         (None, 40, 40, 64)   16448       activation_4[0][0]               
__________________________________________________________________________________________________
bn2b_branch2a (BatchNormalizati (None, 40, 40, 64)   256         res2b_branch2a[0][0]             
__________________________________________________________________________________________________
activation_5 (Activation)       (None, 40, 40, 64)   0           bn2b_branch2a[0][0]              
__________________________________________________________________________________________________
res2b_branch2b (Conv2D)         (None, 40, 40, 64)   36928       activation_5[0][0]               
__________________________________________________________________________________________________
bn2b_branch2b (BatchNormalizati (None, 40, 40, 64)   256         res2b_branch2b[0][0]             
__________________________________________________________________________________________________
activation_6 (Activation)       (None, 40, 40, 64)   0           bn2b_branch2b[0][0]              
__________________________________________________________________________________________________
res2b_branch2c (Conv2D)         (None, 40, 40, 256)  16640       activation_6[0][0]               
__________________________________________________________________________________________________
bn2b_branch2c (BatchNormalizati (None, 40, 40, 256)  1024        res2b_branch2c[0][0]             
__________________________________________________________________________________________________
add_2 (Add)                     (None, 40, 40, 256)  0           bn2b_branch2c[0][0]              
                                                                 activation_4[0][0]               
__________________________________________________________________________________________________
activation_7 (Activation)       (None, 40, 40, 256)  0           add_2[0][0]                      
__________________________________________________________________________________________________
res2c_branch2a (Conv2D)         (None, 40, 40, 64)   16448       activation_7[0][0]               
__________________________________________________________________________________________________
bn2c_branch2a (BatchNormalizati (None, 40, 40, 64)   256         res2c_branch2a[0][0]             
__________________________________________________________________________________________________
activation_8 (Activation)       (None, 40, 40, 64)   0           bn2c_branch2a[0][0]              
__________________________________________________________________________________________________
res2c_branch2b (Conv2D)         (None, 40, 40, 64)   36928       activation_8[0][0]               
__________________________________________________________________________________________________
bn2c_branch2b (BatchNormalizati (None, 40, 40, 64)   256         res2c_branch2b[0][0]             
__________________________________________________________________________________________________
activation_9 (Activation)       (None, 40, 40, 64)   0           bn2c_branch2b[0][0]              
__________________________________________________________________________________________________
res2c_branch2c (Conv2D)         (None, 40, 40, 256)  16640       activation_9[0][0]               
__________________________________________________________________________________________________
bn2c_branch2c (BatchNormalizati (None, 40, 40, 256)  1024        res2c_branch2c[0][0]             
__________________________________________________________________________________________________
add_3 (Add)                     (None, 40, 40, 256)  0           bn2c_branch2c[0][0]              
                                                                 activation_7[0][0]               
__________________________________________________________________________________________________
activation_10 (Activation)      (None, 40, 40, 256)  0           add_3[0][0]                      
__________________________________________________________________________________________________
res3a_branch2a (Conv2D)         (None, 20, 20, 128)  32896       activation_10[0][0]              
__________________________________________________________________________________________________
bn3a_branch2a (BatchNormalizati (None, 20, 20, 128)  512         res3a_branch2a[0][0]             
__________________________________________________________________________________________________
activation_11 (Activation)      (None, 20, 20, 128)  0           bn3a_branch2a[0][0]              
__________________________________________________________________________________________________
res3a_branch2b (Conv2D)         (None, 20, 20, 128)  147584      activation_11[0][0]              
__________________________________________________________________________________________________
bn3a_branch2b (BatchNormalizati (None, 20, 20, 128)  512         res3a_branch2b[0][0]             
__________________________________________________________________________________________________
activation_12 (Activation)      (None, 20, 20, 128)  0           bn3a_branch2b[0][0]              
__________________________________________________________________________________________________
res3a_branch2c (Conv2D)         (None, 20, 20, 512)  66048       activation_12[0][0]              
__________________________________________________________________________________________________
res3a_branch1 (Conv2D)          (None, 20, 20, 512)  131584      activation_10[0][0]              
__________________________________________________________________________________________________
bn3a_branch2c (BatchNormalizati (None, 20, 20, 512)  2048        res3a_branch2c[0][0]             
__________________________________________________________________________________________________
bn3a_branch1 (BatchNormalizatio (None, 20, 20, 512)  2048        res3a_branch1[0][0]              
__________________________________________________________________________________________________
add_4 (Add)                     (None, 20, 20, 512)  0           bn3a_branch2c[0][0]              
                                                                 bn3a_branch1[0][0]               
__________________________________________________________________________________________________
activation_13 (Activation)      (None, 20, 20, 512)  0           add_4[0][0]                      
__________________________________________________________________________________________________
res3b_branch2a (Conv2D)         (None, 20, 20, 128)  65664       activation_13[0][0]              
__________________________________________________________________________________________________
bn3b_branch2a (BatchNormalizati (None, 20, 20, 128)  512         res3b_branch2a[0][0]             
__________________________________________________________________________________________________
activation_14 (Activation)      (None, 20, 20, 128)  0           bn3b_branch2a[0][0]              
__________________________________________________________________________________________________
res3b_branch2b (Conv2D)         (None, 20, 20, 128)  147584      activation_14[0][0]              
__________________________________________________________________________________________________
bn3b_branch2b (BatchNormalizati (None, 20, 20, 128)  512         res3b_branch2b[0][0]             
__________________________________________________________________________________________________
activation_15 (Activation)      (None, 20, 20, 128)  0           bn3b_branch2b[0][0]              
__________________________________________________________________________________________________
res3b_branch2c (Conv2D)         (None, 20, 20, 512)  66048       activation_15[0][0]              
__________________________________________________________________________________________________
bn3b_branch2c (BatchNormalizati (None, 20, 20, 512)  2048        res3b_branch2c[0][0]             
__________________________________________________________________________________________________
add_5 (Add)                     (None, 20, 20, 512)  0           bn3b_branch2c[0][0]              
                                                                 activation_13[0][0]              
__________________________________________________________________________________________________
activation_16 (Activation)      (None, 20, 20, 512)  0           add_5[0][0]                      
__________________________________________________________________________________________________
res3c_branch2a (Conv2D)         (None, 20, 20, 128)  65664       activation_16[0][0]              
__________________________________________________________________________________________________
bn3c_branch2a (BatchNormalizati (None, 20, 20, 128)  512         res3c_branch2a[0][0]             
__________________________________________________________________________________________________
activation_17 (Activation)      (None, 20, 20, 128)  0           bn3c_branch2a[0][0]              
__________________________________________________________________________________________________
res3c_branch2b (Conv2D)         (None, 20, 20, 128)  147584      activation_17[0][0]              
__________________________________________________________________________________________________
bn3c_branch2b (BatchNormalizati (None, 20, 20, 128)  512         res3c_branch2b[0][0]             
__________________________________________________________________________________________________
activation_18 (Activation)      (None, 20, 20, 128)  0           bn3c_branch2b[0][0]              
__________________________________________________________________________________________________
res3c_branch2c (Conv2D)         (None, 20, 20, 512)  66048       activation_18[0][0]              
__________________________________________________________________________________________________
bn3c_branch2c (BatchNormalizati (None, 20, 20, 512)  2048        res3c_branch2c[0][0]             
__________________________________________________________________________________________________
add_6 (Add)                     (None, 20, 20, 512)  0           bn3c_branch2c[0][0]              
                                                                 activation_16[0][0]              
__________________________________________________________________________________________________
activation_19 (Activation)      (None, 20, 20, 512)  0           add_6[0][0]                      
__________________________________________________________________________________________________
res3d_branch2a (Conv2D)         (None, 20, 20, 128)  65664       activation_19[0][0]              
__________________________________________________________________________________________________
bn3d_branch2a (BatchNormalizati (None, 20, 20, 128)  512         res3d_branch2a[0][0]             
__________________________________________________________________________________________________
activation_20 (Activation)      (None, 20, 20, 128)  0           bn3d_branch2a[0][0]              
__________________________________________________________________________________________________
res3d_branch2b (Conv2D)         (None, 20, 20, 128)  147584      activation_20[0][0]              
__________________________________________________________________________________________________
bn3d_branch2b (BatchNormalizati (None, 20, 20, 128)  512         res3d_branch2b[0][0]             
__________________________________________________________________________________________________
activation_21 (Activation)      (None, 20, 20, 128)  0           bn3d_branch2b[0][0]              
__________________________________________________________________________________________________
res3d_branch2c (Conv2D)         (None, 20, 20, 512)  66048       activation_21[0][0]              
__________________________________________________________________________________________________
bn3d_branch2c (BatchNormalizati (None, 20, 20, 512)  2048        res3d_branch2c[0][0]             
__________________________________________________________________________________________________
add_7 (Add)                     (None, 20, 20, 512)  0           bn3d_branch2c[0][0]              
                                                                 activation_19[0][0]              
__________________________________________________________________________________________________
activation_22 (Activation)      (None, 20, 20, 512)  0           add_7[0][0]                      
__________________________________________________________________________________________________
res4a_branch2a (Conv2D)         (None, 10, 10, 256)  131328      activation_22[0][0]              
__________________________________________________________________________________________________
bn4a_branch2a (BatchNormalizati (None, 10, 10, 256)  1024        res4a_branch2a[0][0]             
__________________________________________________________________________________________________
activation_23 (Activation)      (None, 10, 10, 256)  0           bn4a_branch2a[0][0]              
__________________________________________________________________________________________________
res4a_branch2b (Conv2D)         (None, 10, 10, 256)  590080      activation_23[0][0]              
__________________________________________________________________________________________________
bn4a_branch2b (BatchNormalizati (None, 10, 10, 256)  1024        res4a_branch2b[0][0]             
__________________________________________________________________________________________________
activation_24 (Activation)      (None, 10, 10, 256)  0           bn4a_branch2b[0][0]              
__________________________________________________________________________________________________
res4a_branch2c (Conv2D)         (None, 10, 10, 1024) 263168      activation_24[0][0]              
__________________________________________________________________________________________________
res4a_branch1 (Conv2D)          (None, 10, 10, 1024) 525312      activation_22[0][0]              
__________________________________________________________________________________________________
bn4a_branch2c (BatchNormalizati (None, 10, 10, 1024) 4096        res4a_branch2c[0][0]             
__________________________________________________________________________________________________
bn4a_branch1 (BatchNormalizatio (None, 10, 10, 1024) 4096        res4a_branch1[0][0]              
__________________________________________________________________________________________________
add_8 (Add)                     (None, 10, 10, 1024) 0           bn4a_branch2c[0][0]              
                                                                 bn4a_branch1[0][0]               
__________________________________________________________________________________________________
activation_25 (Activation)      (None, 10, 10, 1024) 0           add_8[0][0]                      
__________________________________________________________________________________________________
res4b_branch2a (Conv2D)         (None, 10, 10, 256)  262400      activation_25[0][0]              
__________________________________________________________________________________________________
bn4b_branch2a (BatchNormalizati (None, 10, 10, 256)  1024        res4b_branch2a[0][0]             
__________________________________________________________________________________________________
activation_26 (Activation)      (None, 10, 10, 256)  0           bn4b_branch2a[0][0]              
__________________________________________________________________________________________________
res4b_branch2b (Conv2D)         (None, 10, 10, 256)  590080      activation_26[0][0]              
__________________________________________________________________________________________________
bn4b_branch2b (BatchNormalizati (None, 10, 10, 256)  1024        res4b_branch2b[0][0]             
__________________________________________________________________________________________________
activation_27 (Activation)      (None, 10, 10, 256)  0           bn4b_branch2b[0][0]              
__________________________________________________________________________________________________
res4b_branch2c (Conv2D)         (None, 10, 10, 1024) 263168      activation_27[0][0]              
__________________________________________________________________________________________________
bn4b_branch2c (BatchNormalizati (None, 10, 10, 1024) 4096        res4b_branch2c[0][0]             
__________________________________________________________________________________________________
add_9 (Add)                     (None, 10, 10, 1024) 0           bn4b_branch2c[0][0]              
                                                                 activation_25[0][0]              
__________________________________________________________________________________________________
activation_28 (Activation)      (None, 10, 10, 1024) 0           add_9[0][0]                      
__________________________________________________________________________________________________
res4c_branch2a (Conv2D)         (None, 10, 10, 256)  262400      activation_28[0][0]              
__________________________________________________________________________________________________
bn4c_branch2a (BatchNormalizati (None, 10, 10, 256)  1024        res4c_branch2a[0][0]             
__________________________________________________________________________________________________
activation_29 (Activation)      (None, 10, 10, 256)  0           bn4c_branch2a[0][0]              
__________________________________________________________________________________________________
res4c_branch2b (Conv2D)         (None, 10, 10, 256)  590080      activation_29[0][0]              
__________________________________________________________________________________________________
bn4c_branch2b (BatchNormalizati (None, 10, 10, 256)  1024        res4c_branch2b[0][0]             
__________________________________________________________________________________________________
activation_30 (Activation)      (None, 10, 10, 256)  0           bn4c_branch2b[0][0]              
__________________________________________________________________________________________________
res4c_branch2c (Conv2D)         (None, 10, 10, 1024) 263168      activation_30[0][0]              
__________________________________________________________________________________________________
bn4c_branch2c (BatchNormalizati (None, 10, 10, 1024) 4096        res4c_branch2c[0][0]             
__________________________________________________________________________________________________
add_10 (Add)                    (None, 10, 10, 1024) 0           bn4c_branch2c[0][0]              
                                                                 activation_28[0][0]              
__________________________________________________________________________________________________
activation_31 (Activation)      (None, 10, 10, 1024) 0           add_10[0][0]                     
__________________________________________________________________________________________________
res4d_branch2a (Conv2D)         (None, 10, 10, 256)  262400      activation_31[0][0]              
__________________________________________________________________________________________________
bn4d_branch2a (BatchNormalizati (None, 10, 10, 256)  1024        res4d_branch2a[0][0]             
__________________________________________________________________________________________________
activation_32 (Activation)      (None, 10, 10, 256)  0           bn4d_branch2a[0][0]              
__________________________________________________________________________________________________
res4d_branch2b (Conv2D)         (None, 10, 10, 256)  590080      activation_32[0][0]              
__________________________________________________________________________________________________
bn4d_branch2b (BatchNormalizati (None, 10, 10, 256)  1024        res4d_branch2b[0][0]             
__________________________________________________________________________________________________
activation_33 (Activation)      (None, 10, 10, 256)  0           bn4d_branch2b[0][0]              
__________________________________________________________________________________________________
res4d_branch2c (Conv2D)         (None, 10, 10, 1024) 263168      activation_33[0][0]              
__________________________________________________________________________________________________
bn4d_branch2c (BatchNormalizati (None, 10, 10, 1024) 4096        res4d_branch2c[0][0]             
__________________________________________________________________________________________________
add_11 (Add)                    (None, 10, 10, 1024) 0           bn4d_branch2c[0][0]              
                                                                 activation_31[0][0]              
__________________________________________________________________________________________________
activation_34 (Activation)      (None, 10, 10, 1024) 0           add_11[0][0]                     
__________________________________________________________________________________________________
res4e_branch2a (Conv2D)         (None, 10, 10, 256)  262400      activation_34[0][0]              
__________________________________________________________________________________________________
bn4e_branch2a (BatchNormalizati (None, 10, 10, 256)  1024        res4e_branch2a[0][0]             
__________________________________________________________________________________________________
activation_35 (Activation)      (None, 10, 10, 256)  0           bn4e_branch2a[0][0]              
__________________________________________________________________________________________________
res4e_branch2b (Conv2D)         (None, 10, 10, 256)  590080      activation_35[0][0]              
__________________________________________________________________________________________________
bn4e_branch2b (BatchNormalizati (None, 10, 10, 256)  1024        res4e_branch2b[0][0]             
__________________________________________________________________________________________________
activation_36 (Activation)      (None, 10, 10, 256)  0           bn4e_branch2b[0][0]              
__________________________________________________________________________________________________
res4e_branch2c (Conv2D)         (None, 10, 10, 1024) 263168      activation_36[0][0]              
__________________________________________________________________________________________________
bn4e_branch2c (BatchNormalizati (None, 10, 10, 1024) 4096        res4e_branch2c[0][0]             
__________________________________________________________________________________________________
add_12 (Add)                    (None, 10, 10, 1024) 0           bn4e_branch2c[0][0]              
                                                                 activation_34[0][0]              
__________________________________________________________________________________________________
activation_37 (Activation)      (None, 10, 10, 1024) 0           add_12[0][0]                     
__________________________________________________________________________________________________
res4f_branch2a (Conv2D)         (None, 10, 10, 256)  262400      activation_37[0][0]              
__________________________________________________________________________________________________
bn4f_branch2a (BatchNormalizati (None, 10, 10, 256)  1024        res4f_branch2a[0][0]             
__________________________________________________________________________________________________
activation_38 (Activation)      (None, 10, 10, 256)  0           bn4f_branch2a[0][0]              
__________________________________________________________________________________________________
res4f_branch2b (Conv2D)         (None, 10, 10, 256)  590080      activation_38[0][0]              
__________________________________________________________________________________________________
bn4f_branch2b (BatchNormalizati (None, 10, 10, 256)  1024        res4f_branch2b[0][0]             
__________________________________________________________________________________________________
activation_39 (Activation)      (None, 10, 10, 256)  0           bn4f_branch2b[0][0]              
__________________________________________________________________________________________________
res4f_branch2c (Conv2D)         (None, 10, 10, 1024) 263168      activation_39[0][0]              
__________________________________________________________________________________________________
bn4f_branch2c (BatchNormalizati (None, 10, 10, 1024) 4096        res4f_branch2c[0][0]             
__________________________________________________________________________________________________
add_13 (Add)                    (None, 10, 10, 1024) 0           bn4f_branch2c[0][0]              
                                                                 activation_37[0][0]              
__________________________________________________________________________________________________
activation_40 (Activation)      (None, 10, 10, 1024) 0           add_13[0][0]                     
__________________________________________________________________________________________________
res5a_branch2a (Conv2D)         (None, 5, 5, 512)    524800      activation_40[0][0]              
__________________________________________________________________________________________________
bn5a_branch2a (BatchNormalizati (None, 5, 5, 512)    2048        res5a_branch2a[0][0]             
__________________________________________________________________________________________________
activation_41 (Activation)      (None, 5, 5, 512)    0           bn5a_branch2a[0][0]              
__________________________________________________________________________________________________
res5a_branch2b (Conv2D)         (None, 5, 5, 512)    2359808     activation_41[0][0]              
__________________________________________________________________________________________________
bn5a_branch2b (BatchNormalizati (None, 5, 5, 512)    2048        res5a_branch2b[0][0]             
__________________________________________________________________________________________________
activation_42 (Activation)      (None, 5, 5, 512)    0           bn5a_branch2b[0][0]              
__________________________________________________________________________________________________
res5a_branch2c (Conv2D)         (None, 5, 5, 2048)   1050624     activation_42[0][0]              
__________________________________________________________________________________________________
res5a_branch1 (Conv2D)          (None, 5, 5, 2048)   2099200     activation_40[0][0]              
__________________________________________________________________________________________________
bn5a_branch2c (BatchNormalizati (None, 5, 5, 2048)   8192        res5a_branch2c[0][0]             
__________________________________________________________________________________________________
bn5a_branch1 (BatchNormalizatio (None, 5, 5, 2048)   8192        res5a_branch1[0][0]              
__________________________________________________________________________________________________
add_14 (Add)                    (None, 5, 5, 2048)   0           bn5a_branch2c[0][0]              
                                                                 bn5a_branch1[0][0]               
__________________________________________________________________________________________________
activation_43 (Activation)      (None, 5, 5, 2048)   0           add_14[0][0]                     
__________________________________________________________________________________________________
res5b_branch2a (Conv2D)         (None, 5, 5, 512)    1049088     activation_43[0][0]              
__________________________________________________________________________________________________
bn5b_branch2a (BatchNormalizati (None, 5, 5, 512)    2048        res5b_branch2a[0][0]             
__________________________________________________________________________________________________
activation_44 (Activation)      (None, 5, 5, 512)    0           bn5b_branch2a[0][0]              
__________________________________________________________________________________________________
res5b_branch2b (Conv2D)         (None, 5, 5, 512)    2359808     activation_44[0][0]              
__________________________________________________________________________________________________
bn5b_branch2b (BatchNormalizati (None, 5, 5, 512)    2048        res5b_branch2b[0][0]             
__________________________________________________________________________________________________
activation_45 (Activation)      (None, 5, 5, 512)    0           bn5b_branch2b[0][0]              
__________________________________________________________________________________________________
res5b_branch2c (Conv2D)         (None, 5, 5, 2048)   1050624     activation_45[0][0]              
__________________________________________________________________________________________________
bn5b_branch2c (BatchNormalizati (None, 5, 5, 2048)   8192        res5b_branch2c[0][0]             
__________________________________________________________________________________________________
add_15 (Add)                    (None, 5, 5, 2048)   0           bn5b_branch2c[0][0]              
                                                                 activation_43[0][0]              
__________________________________________________________________________________________________
activation_46 (Activation)      (None, 5, 5, 2048)   0           add_15[0][0]                     
__________________________________________________________________________________________________
res5c_branch2a (Conv2D)         (None, 5, 5, 512)    1049088     activation_46[0][0]              
__________________________________________________________________________________________________
bn5c_branch2a (BatchNormalizati (None, 5, 5, 512)    2048        res5c_branch2a[0][0]             
__________________________________________________________________________________________________
activation_47 (Activation)      (None, 5, 5, 512)    0           bn5c_branch2a[0][0]              
__________________________________________________________________________________________________
res5c_branch2b (Conv2D)         (None, 5, 5, 512)    2359808     activation_47[0][0]              
__________________________________________________________________________________________________
bn5c_branch2b (BatchNormalizati (None, 5, 5, 512)    2048        res5c_branch2b[0][0]             
__________________________________________________________________________________________________
activation_48 (Activation)      (None, 5, 5, 512)    0           bn5c_branch2b[0][0]              
__________________________________________________________________________________________________
res5c_branch2c (Conv2D)         (None, 5, 5, 2048)   1050624     activation_48[0][0]              
__________________________________________________________________________________________________
bn5c_branch2c (BatchNormalizati (None, 5, 5, 2048)   8192        res5c_branch2c[0][0]             
__________________________________________________________________________________________________
add_16 (Add)                    (None, 5, 5, 2048)   0           bn5c_branch2c[0][0]              
                                                                 activation_46[0][0]              
__________________________________________________________________________________________________
conv2d_1 (Conv2D)               (None, 5, 5, 6)      12294       add_16[0][0]                     
__________________________________________________________________________________________________
conv2d_2 (Conv2D)               (None, 10, 10, 6)    6150        add_13[0][0]                     
__________________________________________________________________________________________________
conv2d_3 (Conv2D)               (None, 20, 20, 6)    3078        add_7[0][0]                      
__________________________________________________________________________________________________
lambda_1 (Lambda)               (None, 160, 160, 6)  0           conv2d_1[0][0]                   
__________________________________________________________________________________________________
lambda_2 (Lambda)               (None, 160, 160, 6)  0           conv2d_2[0][0]                   
__________________________________________________________________________________________________
lambda_3 (Lambda)               (None, 160, 160, 6)  0           conv2d_3[0][0]                   
__________________________________________________________________________________________________
add_17 (Add)                    (None, 160, 160, 6)  0           lambda_1[0][0]                   
                                                                 lambda_2[0][0]                   
                                                                 lambda_3[0][0]                   
__________________________________________________________________________________________________
reshape_1 (Reshape)             (None, 25600, 6)     0           add_17[0][0]                     
__________________________________________________________________________________________________
activation_50 (Activation)      (None, 25600, 6)     0           reshape_1[0][0]                  
__________________________________________________________________________________________________
reshape_2 (Reshape)             (None, 160, 160, 6)  0           activation_50[0][0]              
==================================================================================================
Total params: 23,609,234
Trainable params: 23,556,114
Non-trainable params: 53,120
__________________________________________________________________________________________________
None
Epoch 1/50
 - 2325s - loss: 2.4791 - acc: 0.5867 - val_loss: 4.4619 - val_acc: 0.4819
Epoch 2/50
 - 2558s - loss: 2.1737 - acc: 0.6329 - val_loss: 2.3775 - val_acc: 0.5869
Epoch 3/50
 - 2231s - loss: 2.0027 - acc: 0.6660 - val_loss: 3.4532 - val_acc: 0.4752
Epoch 4/50
 - 2428s - loss: 1.8995 - acc: 0.6839 - val_loss: 2.4524 - val_acc: 0.5529
Epoch 5/50
 - 2216s - loss: 1.8077 - acc: 0.7031 - val_loss: 3.2896 - val_acc: 0.4586
Epoch 6/50
 - 2157s - loss: 1.2812 - acc: 0.7394 - val_loss: 2.1866 - val_acc: 0.6093
Epoch 7/50
 - 2183s - loss: 1.5435 - acc: 0.7516 - val_loss: 4.0482 - val_acc: 0.4756
Epoch 8/50
 - 2195s - loss: 1.1113 - acc: 0.7629 - val_loss: 1.9087 - val_acc: 0.5888
Epoch 9/50
 - 2215s - loss: 0.8142 - acc: 0.7753 - val_loss: 1.1524 - val_acc: 0.6599
Epoch 10/50
 - 2328s - loss: 0.7383 - acc: 0.7877 - val_loss: 1.7049 - val_acc: 0.5624
Epoch 11/50
 - 2195s - loss: 0.7098 - acc: 0.7935 - val_loss: 0.8391 - val_acc: 0.7273
Epoch 12/50
 - 2198s - loss: 0.6269 - acc: 0.8088 - val_loss: 0.9656 - val_acc: 0.6830
Epoch 13/50
 - 2205s - loss: 0.5697 - acc: 0.8198 - val_loss: 1.1412 - val_acc: 0.6358
Epoch 14/50
 - 2158s - loss: 0.5157 - acc: 0.8317 - val_loss: 0.9795 - val_acc: 0.7508
Epoch 15/50
 - 2173s - loss: 0.4856 - acc: 0.8390 - val_loss: 0.9027 - val_acc: 0.7529
Epoch 16/50
 - 2290s - loss: 0.4682 - acc: 0.8445 - val_loss: 4.4801 - val_acc: 0.4749

Epoch 00016: ReduceLROnPlateau reducing learning rate to 0.00010000000474974513.
Epoch 17/50
 - 2484s - loss: 0.4521 - acc: 0.8475 - val_loss: 0.5641 - val_acc: 0.8196
Epoch 18/50
 - 2185s - loss: 0.3828 - acc: 0.8636 - val_loss: 0.5331 - val_acc: 0.8267
Epoch 19/50
 - 2188s - loss: 0.3552 - acc: 0.8717 - val_loss: 0.5312 - val_acc: 0.8268
Epoch 20/50
 - 2187s - loss: 0.3343 - acc: 0.8785 - val_loss: 0.5352 - val_acc: 0.8255
Epoch 21/50
 - 2223s - loss: 0.3166 - acc: 0.8845 - val_loss: 0.5377 - val_acc: 0.8241
Epoch 22/50
 - 2212s - loss: 0.3005 - acc: 0.8901 - val_loss: 0.5490 - val_acc: 0.8216
Epoch 23/50
 - 2203s - loss: 0.2850 - acc: 0.8958 - val_loss: 0.5635 - val_acc: 0.8204
Epoch 24/50
 - 2180s - loss: 0.2695 - acc: 0.9015 - val_loss: 0.5850 - val_acc: 0.8172

Epoch 00024: ReduceLROnPlateau reducing learning rate to 1.0000000474974514e-05.
Epoch 25/50
 - 2183s - loss: 0.2762 - acc: 0.8985 - val_loss: 0.4774 - val_acc: 0.8437
Epoch 26/50
 - 2183s - loss: 0.2681 - acc: 0.9016 - val_loss: 0.4782 - val_acc: 0.8436
Epoch 27/50
 - 2256s - loss: 0.2641 - acc: 0.9030 - val_loss: 0.4794 - val_acc: 0.8434
Epoch 28/50
 - 2264s - loss: 0.2609 - acc: 0.9042 - val_loss: 0.4813 - val_acc: 0.8433
Epoch 29/50
 - 2177s - loss: 0.2579 - acc: 0.9053 - val_loss: 0.4835 - val_acc: 0.8430
Epoch 30/50
 - 2286s - loss: 0.2552 - acc: 0.9064 - val_loss: 0.4858 - val_acc: 0.8428

Epoch 00030: ReduceLROnPlateau reducing learning rate to 1.0000000656873453e-06.
Epoch 31/50
 - 2253s - loss: 0.2547 - acc: 0.9066 - val_loss: 0.4790 - val_acc: 0.8452
Epoch 32/50
 - 2276s - loss: 0.2533 - acc: 0.9071 - val_loss: 0.4780 - val_acc: 0.8454
Epoch 33/50
 - 2202s - loss: 0.2526 - acc: 0.9074 - val_loss: 0.4776 - val_acc: 0.8454
Epoch 34/50
 - 2200s - loss: 0.2522 - acc: 0.9075 - val_loss: 0.4774 - val_acc: 0.8454
Epoch 35/50
 - 2246s - loss: 0.2518 - acc: 0.9077 - val_loss: 0.4774 - val_acc: 0.8454

Epoch 00035: ReduceLROnPlateau reducing learning rate to 1e-06.
Epoch 36/50
 - 2186s - loss: 0.2515 - acc: 0.9078 - val_loss: 0.4774 - val_acc: 0.8454
Epoch 37/50
 - 2258s - loss: 0.2512 - acc: 0.9079 - val_loss: 0.4775 - val_acc: 0.8453
Epoch 38/50
 - 2197s - loss: 0.2509 - acc: 0.9080 - val_loss: 0.4777 - val_acc: 0.8453
Epoch 39/50
 - 2254s - loss: 0.2506 - acc: 0.9081 - val_loss: 0.4778 - val_acc: 0.8453
Epoch 40/50
 - 2267s - loss: 0.2503 - acc: 0.9083 - val_loss: 0.4779 - val_acc: 0.8453
Epoch 41/50
 - 2301s - loss: 0.2500 - acc: 0.9084 - val_loss: 0.4781 - val_acc: 0.8453
Epoch 42/50
 - 2189s - loss: 0.2497 - acc: 0.9085 - val_loss: 0.4782 - val_acc: 0.8452
Epoch 43/50
 - 2176s - loss: 0.2494 - acc: 0.9086 - val_loss: 0.4784 - val_acc: 0.8452
Epoch 44/50
 - 2201s - loss: 0.2492 - acc: 0.9087 - val_loss: 0.4785 - val_acc: 0.8452
Epoch 45/50
 - 2239s - loss: 0.2489 - acc: 0.9088 - val_loss: 0.4787 - val_acc: 0.8452
Epoch 46/50
 - 2230s - loss: 0.2486 - acc: 0.9089 - val_loss: 0.4789 - val_acc: 0.8452
Epoch 47/50
 - 2240s - loss: 0.2483 - acc: 0.9090 - val_loss: 0.4790 - val_acc: 0.8452
Epoch 48/50
 - 2252s - loss: 0.2481 - acc: 0.9091 - val_loss: 0.4792 - val_acc: 0.8451
Epoch 49/50
 - 2242s - loss: 0.2478 - acc: 0.9092 - val_loss: 0.4793 - val_acc: 0.8451
Epoch 50/50
 - 2254s - loss: 0.2475 - acc: 0.9093 - val_loss: 0.4795 - val_acc: 0.8451
/home/aidan/Semantic-Segmentation/lib/python3.5/site-packages/tensorflow/python/framework/dtypes.py:523: FutureWarning: Passing (type, 1) or '1type' as a synonym of type is deprecated; in a future version of numpy, it will be understood as (type, (1,)) / '(1,)type'.
  _np_qint8 = np.dtype([("qint8", np.int8, 1)])
/home/aidan/Semantic-Segmentation/lib/python3.5/site-packages/tensorflow/python/framework/dtypes.py:524: FutureWarning: Passing (type, 1) or '1type' as a synonym of type is deprecated; in a future version of numpy, it will be understood as (type, (1,)) / '(1,)type'.
  _np_quint8 = np.dtype([("quint8", np.uint8, 1)])
/home/aidan/Semantic-Segmentation/lib/python3.5/site-packages/tensorflow/python/framework/dtypes.py:525: FutureWarning: Passing (type, 1) or '1type' as a synonym of type is deprecated; in a future version of numpy, it will be understood as (type, (1,)) / '(1,)type'.
  _np_qint16 = np.dtype([("qint16", np.int16, 1)])
/home/aidan/Semantic-Segmentation/lib/python3.5/site-packages/tensorflow/python/framework/dtypes.py:526: FutureWarning: Passing (type, 1) or '1type' as a synonym of type is deprecated; in a future version of numpy, it will be understood as (type, (1,)) / '(1,)type'.
  _np_quint16 = np.dtype([("quint16", np.uint16, 1)])
/home/aidan/Semantic-Segmentation/lib/python3.5/site-packages/tensorflow/python/framework/dtypes.py:527: FutureWarning: Passing (type, 1) or '1type' as a synonym of type is deprecated; in a future version of numpy, it will be understood as (type, (1,)) / '(1,)type'.
  _np_qint32 = np.dtype([("qint32", np.int32, 1)])
/home/aidan/Semantic-Segmentation/lib/python3.5/site-packages/tensorflow/python/framework/dtypes.py:532: FutureWarning: Passing (type, 1) or '1type' as a synonym of type is deprecated; in a future version of numpy, it will be understood as (type, (1,)) / '(1,)type'.
  np_resource = np.dtype([("resource", np.ubyte, 1)])
Using TensorFlow backend.
/home/aidan/Semantic-Segmentation/lib/python3.5/site-packages/keras_applications/resnet50.py:265: UserWarning: The output shape of `ResNet50(include_top=False)` has been changed since Keras 2.2.0.
  warnings.warn('The output shape of `ResNet50(include_top=False)` '
deeplab_model.py:100: UserWarning: Update your `Model` call to the Keras 2 API: `Model(inputs=Tensor("in..., outputs=Tensor("re...)`
  fcn_model = Model(input=input_tensor, output=x)
Epoch 00050: early stopping
Traceback (most recent call last):
  File "deeplab_model.py", line 127, in <module>
    plt.figure(figsize=(8, 8))
  File "/home/aidan/Semantic-Segmentation/lib/python3.5/site-packages/matplotlib/pyplot.py", line 525, in figure
    **kwargs)
  File "/home/aidan/Semantic-Segmentation/lib/python3.5/site-packages/matplotlib/backend_bases.py", line 3218, in new_figure_manager
    return cls.new_figure_manager_given_figure(num, fig)
  File "/home/aidan/Semantic-Segmentation/lib/python3.5/site-packages/matplotlib/backends/_backend_tk.py", line 1008, in new_figure_manager_given_figure
    window = Tk.Tk(className="matplotlib")
  File "/usr/lib/python3.5/tkinter/__init__.py", line 1871, in __init__
    self.tk = _tkinter.create(screenName, baseName, className, interactive, wantobjects, useTk, sync, use)
_tkinter.TclError: couldn't connect to display "localhost:12.0"
